Writing logfile starts at 2009_11_27, 17:01:29.343
Used feedback: ssvep
Continuous file number: 1
The variables
 cont_proc cls feature post_proc opt
are saved to ssvep_2009_11_27_17_01_29_343.mat

Classifier output calculated at timestamp 1596090: {[90.944210,129.929169,126.687328,127.957457,36.351503,83.764851,83.292595,117.580318],[0.000000,1596090.000000]}
Send to udp at timestamp 1596090: [90.944210,129.929169,126.687328,127.957457,36.351503,83.764851,83.292595,117.580318]
Classifier output calculated at timestamp 1596126: {[89.913757,119.131333,116.644290,116.663141,35.382878,80.454743,75.743892,108.054692],[0.000000,1596126.000000]}
Send to udp at timestamp 1596126: [89.913757,119.131333,116.644290,116.663141,35.382878,80.454743,75.743892,108.054692]
Classifier output calculated at timestamp 1596216: {[76.113352,101.435284,101.042460,103.742268,33.566130,68.078180,63.250695,90.562084],[0.000000,1596216.000000]}
Send to udp at timestamp 1596216: [76.113352,101.435284,101.042460,103.742268,33.566130,68.078180,63.250695,90.562084]
Classifier output calculated at timestamp 1596258: {[75.303935,96.471948,95.376784,95.759984,32.220269,65.090931,59.332980,87.658884],[0.000000,1596258.000000]}
Send to udp at timestamp 1596258: [75.303935,96.471948,95.376784,95.759984,32.220269,65.090931,59.332980,87.658884]
Classifier output calculated at timestamp 1596342: {[66.842232,86.415976,86.616038,89.085049,31.806319,60.426459,52.930809,77.069764],[0.000000,1596342.000000]}
Send to udp at timestamp 1596342: [66.842232,86.415976,86.616038,89.085049,31.806319,60.426459,52.930809,77.069764]
Classifier output calculated at timestamp 1596378: {[66.321481,84.083558,83.519738,84.635123,30.450675,59.022097,50.204003,71.188422],[0.000000,1596378.000000]}
Send to udp at timestamp 1596378: [66.321481,84.083558,83.519738,84.635123,30.450675,59.022097,50.204003,71.188422]
Classifier output calculated at timestamp 1596444: {[59.594975,77.879876,79.340963,79.232263,29.231959,55.141360,45.412347,66.367872],[0.000000,1596444.000000]}
Send to udp at timestamp 1596444: [59.594975,77.879876,79.340963,79.232263,29.231959,55.141360,45.412347,66.367872]
Classifier output calculated at timestamp 1596486: {[58.794760,77.127606,75.627680,75.689265,29.085062,53.605351,43.796170,60.742909],[0.000000,1596486.000000]}
Send to udp at timestamp 1596486: [58.794760,77.127606,75.627680,75.689265,29.085062,53.605351,43.796170,60.742909]
Classifier output calculated at timestamp 1596546: {[55.092132,71.512418,72.879028,72.030731,27.942728,51.784452,42.252865,58.390798],[0.000000,1596546.000000]}
Send to udp at timestamp 1596546: [55.092132,71.512418,72.879028,72.030731,27.942728,51.784452,42.252865,58.390798]
Classifier output calculated at timestamp 1596594: {[53.082127,69.758968,71.002429,69.247151,26.753531,50.421384,40.550479,53.145276],[0.000000,1596594.000000]}
Send to udp at timestamp 1596594: [53.082127,69.758968,71.002429,69.247151,26.753531,50.421384,40.550479,53.145276]
Classifier output calculated at timestamp 1596636: {[52.524058,67.574539,69.127398,67.174419,26.487763,49.338933,39.295747,52.202402],[0.000000,1596636.000000]}
Send to udp at timestamp 1596636: [52.524058,67.574539,69.127398,67.174419,26.487763,49.338933,39.295747,52.202402]
Classifier output calculated at timestamp 1596720: {[48.329766,65.240842,65.983794,63.224666,25.470715,48.143435,37.294228,46.902662],[0.000000,1596720.000000]}
Send to udp at timestamp 1596720: [48.329766,65.240842,65.983794,63.224666,25.470715,48.143435,37.294228,46.902662]
Classifier output calculated at timestamp 1596756: {[47.980747,63.752257,64.882851,61.273977,24.856889,47.278639,36.495028,45.456287],[0.000000,1596756.000000]}
Send to udp at timestamp 1596756: [47.980747,63.752257,64.882851,61.273977,24.856889,47.278639,36.495028,45.456287]
Classifier output calculated at timestamp 1596846: {[44.658862,61.327248,62.549430,58.174311,23.909779,45.970905,34.808800,42.721104],[0.000000,1596846.000000]}
Send to udp at timestamp 1596846: [44.658862,61.327248,62.549430,58.174311,23.909779,45.970905,34.808800,42.721104]
Classifier output calculated at timestamp 1596888: {[44.350809,61.092860,61.505030,56.606750,23.641155,45.262955,34.164844,41.034588],[0.000000,1596888.000000]}
Send to udp at timestamp 1596888: [44.350809,61.092860,61.505030,56.606750,23.641155,45.262955,34.164844,41.034588]
Classifier output calculated at timestamp 1596972: {[41.541613,59.339510,59.915031,54.260270,22.960906,44.615908,33.181997,40.047497],[0.000000,1596972.000000]}
Send to udp at timestamp 1596972: [41.541613,59.339510,59.915031,54.260270,22.960906,44.615908,33.181997,40.047497]
Classifier output calculated at timestamp 1597008: {[41.331167,58.561300,59.315469,53.465315,22.503253,44.189518,32.778799,38.667346],[0.000000,1597008.000000]}
Send to udp at timestamp 1597008: [41.331167,58.561300,59.315469,53.465315,22.503253,44.189518,32.778799,38.667346]
Classifier output calculated at timestamp 1597092: {[39.026074,57.825246,58.070300,51.166894,22.067192,43.385841,31.911211,37.366931],[0.000000,1597092.000000]}
Send to udp at timestamp 1597092: [39.026074,57.825246,58.070300,51.166894,22.067192,43.385841,31.911211,37.366931]
Classifier output calculated at timestamp 1597128: {[38.882785,57.060656,57.538628,50.370620,21.591905,43.135073,31.437860,36.916877],[0.000000,1597128.000000]}
Send to udp at timestamp 1597128: [38.882785,57.060656,57.538628,50.370620,21.591905,43.135073,31.437860,36.916877]
Classifier output calculated at timestamp 1597194: {[37.045607,56.649362,56.710792,48.964674,21.052331,42.776838,30.630913,35.440997],[0.000000,1597194.000000]}
Send to udp at timestamp 1597194: [37.045607,56.649362,56.710792,48.964674,21.052331,42.776838,30.630913,35.440997]
Classifier output calculated at timestamp 1597236: {[36.818777,56.235096,55.904007,48.369999,20.851430,42.394206,30.077698,35.415839],[0.000000,1597236.000000]}
Send to udp at timestamp 1597236: [36.818777,56.235096,55.904007,48.369999,20.851430,42.394206,30.077698,35.415839]
Classifier output calculated at timestamp 1597344: {[35.215578,55.257582,54.094720,46.728447,19.924315,41.863259,28.584639,33.931173],[0.000000,1597344.000000]}
Send to udp at timestamp 1597344: [35.215578,55.257582,54.094720,46.728447,19.924315,41.863259,28.584639,33.931173]
Classifier output calculated at timestamp 1597386: {[35.076012,55.220097,53.524620,46.189393,19.697393,41.509371,27.985114,32.891066],[0.000000,1597386.000000]}
Send to udp at timestamp 1597386: [35.076012,55.220097,53.524620,46.189393,19.697393,41.509371,27.985114,32.891066]
Classifier output calculated at timestamp 1597446: {[34.079683,54.569811,52.737360,45.268583,19.256973,41.271543,27.113699,32.779471],[0.000000,1597446.000000]}
Send to udp at timestamp 1597446: [34.079683,54.569811,52.737360,45.268583,19.256973,41.271543,27.113699,32.779471]
Classifier output calculated at timestamp 1597488: {[33.991619,54.235509,51.878296,44.571720,19.029270,40.922502,26.595150,31.937465],[0.000000,1597488.000000]}
Send to udp at timestamp 1597488: [33.991619,54.235509,51.878296,44.571720,19.029270,40.922502,26.595150,31.937465]
Classifier output calculated at timestamp 1597566: {[33.222667,53.528702,50.578999,43.108044,18.421406,40.494100,25.826540,31.744435],[0.000000,1597566.000000]}
Send to udp at timestamp 1597566: [33.222667,53.528702,50.578999,43.108044,18.421406,40.494100,25.826540,31.744435]
Classifier output calculated at timestamp 1597608: {[33.126756,53.284512,49.982837,42.267877,18.105556,40.131054,25.558663,31.303872],[0.000000,1597608.000000]}
Send to udp at timestamp 1597608: [33.126756,53.284512,49.982837,42.267877,18.105556,40.131054,25.558663,31.303872]
Classifier output calculated at timestamp 1597644: {[33.013271,52.359057,49.219336,41.600066,17.906446,39.939159,25.342845,31.471902],[0.000000,1597644.000000]}
Send to udp at timestamp 1597644: [33.013271,52.359057,49.219336,41.600066,17.906446,39.939159,25.342845,31.471902]
Classifier output calculated at timestamp 1597728: {[32.502554,51.499933,47.908006,40.224039,17.120928,38.977778,25.055912,31.259268],[0.000000,1597728.000000]}
Send to udp at timestamp 1597728: [32.502554,51.499933,47.908006,40.224039,17.120928,38.977778,25.055912,31.259268]
Classifier output calculated at timestamp 1597764: {[32.480424,51.075064,47.201698,39.294035,16.792398,38.430769,24.961009,31.301743],[0.000000,1597764.000000]}
Send to udp at timestamp 1597764: [32.480424,51.075064,47.201698,39.294035,16.792398,38.430769,24.961009,31.301743]
Classifier output calculated at timestamp 1597854: {[32.058350,49.729849,45.794113,37.727985,15.804444,36.793018,24.787662,31.517220],[0.000000,1597854.000000]}
Send to udp at timestamp 1597854: [32.058350,49.729849,45.794113,37.727985,15.804444,36.793018,24.787662,31.517220]
Classifier output calculated at timestamp 1597896: {[32.075927,49.454083,44.920598,36.964785,15.460538,36.211723,24.803623,31.550357],[0.000000,1597896.000000]}
Send to udp at timestamp 1597896: [32.075927,49.454083,44.920598,36.964785,15.460538,36.211723,24.803623,31.550357]
Classifier output calculated at timestamp 1597986: {[31.775797,48.518978,43.355810,35.441842,14.291956,34.124384,24.921390,32.076010],[0.000000,1597986.000000]}
Send to udp at timestamp 1597986: [31.775797,48.518978,43.355810,35.441842,14.291956,34.124384,24.921390,32.076010]
Classifier output calculated at timestamp 1598070: {[31.687631,47.414353,41.841903,34.335679,13.355442,32.275600,25.131957,32.604904],[0.000000,1598070.000000]}
Send to udp at timestamp 1598070: [31.687631,47.414353,41.841903,34.335679,13.355442,32.275600,25.131957,32.604904]
Classifier output calculated at timestamp 1598106: {[31.646560,46.951223,41.306260,33.699286,12.692471,31.441793,25.276930,32.825049],[0.000000,1598106.000000]}
Send to udp at timestamp 1598106: [31.646560,46.951223,41.306260,33.699286,12.692471,31.441793,25.276930,32.825049]
Classifier output calculated at timestamp 1598148: {[31.822201,46.016027,40.405615,33.250056,12.199539,30.854345,25.445881,33.233607],[0.000000,1598148.000000]}
Send to udp at timestamp 1598148: [31.822201,46.016027,40.405615,33.250056,12.199539,30.854345,25.445881,33.233607]
Classifier output calculated at timestamp 1598232: {[31.806588,44.845955,38.962186,32.511924,11.003412,29.274352,25.838663,33.805051],[0.000000,1598232.000000]}
Send to udp at timestamp 1598232: [31.806588,44.845955,38.962186,32.511924,11.003412,29.274352,25.838663,33.805051]
Classifier output calculated at timestamp 1598268: {[32.023996,44.180605,38.359322,32.209903,10.362662,28.718624,26.051851,34.202956],[0.000000,1598268.000000]}
Send to udp at timestamp 1598268: [32.023996,44.180605,38.359322,32.209903,10.362662,28.718624,26.051851,34.202956]
Classifier output calculated at timestamp 1598304: {[31.941542,43.471345,37.657583,31.815391,9.837299,28.104792,26.266185,34.410742],[0.000000,1598304.000000]}
Send to udp at timestamp 1598304: [31.941542,43.471345,37.657583,31.815391,9.837299,28.104792,26.266185,34.410742]
Classifier output calculated at timestamp 1598358: {[32.130736,42.142733,36.929000,31.583101,8.963592,27.479634,26.541232,35.138438],[0.000000,1598358.000000]}
Send to udp at timestamp 1598358: [32.130736,42.142733,36.929000,31.583101,8.963592,27.479634,26.541232,35.138438]
Classifier output calculated at timestamp 1598394: {[32.115246,41.477400,35.954153,31.451145,8.429986,27.130744,26.695945,35.231319],[0.000000,1598394.000000]}
Send to udp at timestamp 1598394: [32.115246,41.477400,35.954153,31.451145,8.429986,27.130744,26.695945,35.231319]
Classifier output calculated at timestamp 1598484: {[32.020782,39.319906,34.493294,31.272404,7.191693,26.343366,26.903963,36.196692],[0.000000,1598484.000000]}
Send to udp at timestamp 1598484: [32.020782,39.319906,34.493294,31.272404,7.191693,26.343366,26.903963,36.196692]
Classifier output calculated at timestamp 1598526: {[31.452255,38.050162,34.159030,31.331278,6.778777,26.003857,26.865789,36.532052],[0.000000,1598526.000000]}
Send to udp at timestamp 1598526: [31.452255,38.050162,34.159030,31.331278,6.778777,26.003857,26.865789,36.532052]
Classifier output calculated at timestamp 1598610: {[31.072658,36.326308,32.877963,31.669296,5.923752,25.670310,26.613619,37.112398],[0.000000,1598610.000000]}
Send to udp at timestamp 1598610: [31.072658,36.326308,32.877963,31.669296,5.923752,25.670310,26.613619,37.112398]
Classifier output calculated at timestamp 1598646: {[30.219795,35.069644,32.035801,31.947599,5.643733,25.585148,26.418968,37.692165],[0.000000,1598646.000000]}
Send to udp at timestamp 1598646: [30.219795,35.069644,32.035801,31.947599,5.643733,25.585148,26.418968,37.692165]
Classifier output calculated at timestamp 1598700: {[29.886056,34.273476,31.680375,32.375595,5.355222,25.513867,26.135929,37.791648],[0.000000,1598700.000000]}
Send to udp at timestamp 1598700: [29.886056,34.273476,31.680375,32.375595,5.355222,25.513867,26.135929,37.791648]
Classifier output calculated at timestamp 1598736: {[29.588490,33.017593,30.939397,32.704421,4.871414,25.526417,25.951239,37.900258],[0.000000,1598736.000000]}
Send to udp at timestamp 1598736: [29.588490,33.017593,30.939397,32.704421,4.871414,25.526417,25.951239,37.900258]
Classifier output calculated at timestamp 1598778: {[28.769009,32.532661,31.117661,33.143038,4.672524,25.525544,25.760763,38.118794],[0.000000,1598778.000000]}
Send to udp at timestamp 1598778: [28.769009,32.532661,31.117661,33.143038,4.672524,25.525544,25.760763,38.118794]
Classifier output calculated at timestamp 1598862: {[28.424888,30.936419,30.991350,33.934409,4.292001,25.617481,25.353772,37.635612],[0.000000,1598862.000000]}
Send to udp at timestamp 1598862: [28.424888,30.936419,30.991350,33.934409,4.292001,25.617481,25.353772,37.635612]
Classifier output calculated at timestamp 1598898: {[27.793734,30.638617,30.781101,34.393240,4.315486,25.712233,25.143562,37.328288],[0.000000,1598898.000000]}
Send to udp at timestamp 1598898: [27.793734,30.638617,30.781101,34.393240,4.315486,25.712233,25.143562,37.328288]
Classifier output calculated at timestamp 1598952: {[27.498539,29.605819,31.181385,34.730720,4.383335,25.840128,24.868022,36.596485],[0.000000,1598952.000000]}
Send to udp at timestamp 1598952: [27.498539,29.605819,31.181385,34.730720,4.383335,25.840128,24.868022,36.596485]
Classifier output calculated at timestamp 1598988: {[27.465172,29.467407,31.002787,35.117102,4.275138,25.975212,24.712405,36.408537],[0.000000,1598988.000000]}
Send to udp at timestamp 1598988: [27.465172,29.467407,31.002787,35.117102,4.275138,25.975212,24.712405,36.408537]
Classifier output calculated at timestamp 1599024: {[26.974078,28.846994,31.213732,35.527804,4.406315,26.113479,24.554217,35.628428],[0.000000,1599024.000000]}
Send to udp at timestamp 1599024: [26.974078,28.846994,31.213732,35.527804,4.406315,26.113479,24.554217,35.628428]
Classifier output calculated at timestamp 1599090: {[26.694153,28.497617,31.080380,35.874548,4.577548,26.316243,24.327873,35.236545],[0.000000,1599090.000000]}
Send to udp at timestamp 1599090: [26.694153,28.497617,31.080380,35.874548,4.577548,26.316243,24.327873,35.236545]
Classifier output calculated at timestamp 1599126: {[26.661352,28.044585,31.147722,36.118117,4.700597,26.476961,24.146680,34.591094],[0.000000,1599126.000000]}
Send to udp at timestamp 1599126: [26.661352,28.044585,31.147722,36.118117,4.700597,26.476961,24.146680,34.591094]
Classifier output calculated at timestamp 1599192: {[26.005614,27.771950,31.255922,36.409083,4.864889,26.730145,23.889303,34.227348],[0.000000,1599192.000000]}
Send to udp at timestamp 1599192: [26.005614,27.771950,31.255922,36.409083,4.864889,26.730145,23.889303,34.227348]
Classifier output calculated at timestamp 1599240: {[26.013987,27.357486,31.184183,36.811001,5.020612,26.967820,23.644820,33.627896],[0.000000,1599240.000000]}
Send to udp at timestamp 1599240: [26.013987,27.357486,31.184183,36.811001,5.020612,26.967820,23.644820,33.627896]
Classifier output calculated at timestamp 1599276: {[25.823363,27.247634,31.423033,36.669899,5.144178,27.157237,23.507697,33.473201],[0.000000,1599276.000000]}
Send to udp at timestamp 1599276: [25.823363,27.247634,31.423033,36.669899,5.144178,27.157237,23.507697,33.473201]
Classifier output calculated at timestamp 1599342: {[25.226412,27.039153,31.380634,36.864688,5.318542,27.521968,23.363387,32.944970],[0.000000,1599342.000000]}
Send to udp at timestamp 1599342: [25.226412,27.039153,31.380634,36.864688,5.318542,27.521968,23.363387,32.944970]
Classifier output calculated at timestamp 1599378: {[25.344614,26.949163,31.469190,37.042682,5.425218,27.747409,23.246809,32.786847],[0.000000,1599378.000000]}
Send to udp at timestamp 1599378: [25.344614,26.949163,31.469190,37.042682,5.425218,27.747409,23.246809,32.786847]
Classifier output calculated at timestamp 1599456: {[24.601155,26.944517,31.746113,36.822449,5.667896,28.201868,23.032401,32.294428],[0.000000,1599456.000000]}
Send to udp at timestamp 1599456: [24.601155,26.944517,31.746113,36.822449,5.667896,28.201868,23.032401,32.294428]
Classifier output calculated at timestamp 1599498: {[24.653464,27.060394,31.909505,36.797676,5.782083,28.555119,22.929909,32.217621],[0.000000,1599498.000000]}
Send to udp at timestamp 1599498: [24.653464,27.060394,31.909505,36.797676,5.782083,28.555119,22.929909,32.217621]
Classifier output calculated at timestamp 1599534: {[24.559007,27.222019,32.021543,36.467998,5.897933,29.050635,22.824149,31.923115],[0.000000,1599534.000000]}
Send to udp at timestamp 1599534: [24.559007,27.222019,32.021543,36.467998,5.897933,29.050635,22.824149,31.923115]
Classifier output calculated at timestamp 1599618: {[24.006709,27.675493,32.382145,35.615590,6.182314,29.738698,22.600950,31.678686],[0.000000,1599618.000000]}
Send to udp at timestamp 1599618: [24.006709,27.675493,32.382145,35.615590,6.182314,29.738698,22.600950,31.678686]
Classifier output calculated at timestamp 1599654: {[24.039221,27.987052,32.484550,34.813459,6.186320,30.080462,22.487673,31.517512],[0.000000,1599654.000000]}
Send to udp at timestamp 1599654: [24.039221,27.987052,32.484550,34.813459,6.186320,30.080462,22.487673,31.517512]
Classifier output calculated at timestamp 1599732: {[23.448265,28.608479,32.742895,33.399498,6.451685,30.710116,22.297741,31.345785],[0.000000,1599732.000000]}
Send to udp at timestamp 1599732: [23.448265,28.608479,32.742895,33.399498,6.451685,30.710116,22.297741,31.345785]
Classifier output calculated at timestamp 1599768: {[23.572830,28.952985,32.933283,32.580276,6.681463,30.807239,22.189985,31.357419],[0.000000,1599768.000000]}
Send to udp at timestamp 1599768: [23.572830,28.952985,32.933283,32.580276,6.681463,30.807239,22.189985,31.357419]
Classifier output calculated at timestamp 1599840: {[23.142388,29.804600,33.218084,30.786081,6.954626,30.829687,21.874684,31.035724],[0.000000,1599840.000000]}
Send to udp at timestamp 1599840: [23.142388,29.804600,33.218084,30.786081,6.954626,30.829687,21.874684,31.035724]
Classifier output calculated at timestamp 1599876: {[23.240132,30.118389,33.165900,29.785289,7.167699,30.690319,21.654945,31.006468],[0.000000,1599876.000000]}
Send to udp at timestamp 1599876: [23.240132,30.118389,33.165900,29.785289,7.167699,30.690319,21.654945,31.006468]
Classifier output calculated at timestamp 1599936: {[23.190154,30.799780,32.993469,28.185799,7.596156,30.376674,21.183108,30.720237],[0.000000,1599936.000000]}
Send to udp at timestamp 1599936: [23.190154,30.799780,32.993469,28.185799,7.596156,30.376674,21.183108,30.720237]
Classifier output calculated at timestamp 1599996: {[23.384289,31.441929,32.836824,26.740172,8.088802,30.098546,20.691353,30.227390],[0.000000,1599996.000000]}
Send to udp at timestamp 1599996: [23.384289,31.441929,32.836824,26.740172,8.088802,30.098546,20.691353,30.227390]
Classifier output calculated at timestamp 1600038: {[23.610595,31.733134,32.485601,25.811085,8.405985,29.784254,20.246278,30.248917],[0.000000,1600038.000000]}
Send to udp at timestamp 1600038: [23.610595,31.733134,32.485601,25.811085,8.405985,29.784254,20.246278,30.248917]
Classifier output calculated at timestamp 1600122: {[23.981004,32.470037,31.632938,24.287472,9.210759,29.210345,19.248785,29.373216],[0.000000,1600122.000000]}
Send to udp at timestamp 1600122: [23.981004,32.470037,31.632938,24.287472,9.210759,29.210345,19.248785,29.373216]
Classifier output calculated at timestamp 1600158: {[24.370517,32.653248,31.137979,23.450105,9.495680,29.135038,18.730278,29.145123],[0.000000,1600158.000000]}
Send to udp at timestamp 1600158: [24.370517,32.653248,31.137979,23.450105,9.495680,29.135038,18.730278,29.145123]
Classifier output calculated at timestamp 1600212: {[24.545799,33.081933,30.578115,22.889679,10.058928,28.866026,18.081697,28.318222],[0.000000,1600212.000000]}
Send to udp at timestamp 1600212: [24.545799,33.081933,30.578115,22.889679,10.058928,28.866026,18.081697,28.318222]
Classifier output calculated at timestamp 1600248: {[25.035873,33.188509,29.968780,22.911749,10.287760,28.733213,17.573483,28.234050],[0.000000,1600248.000000]}
Send to udp at timestamp 1600248: [25.035873,33.188509,29.968780,22.911749,10.287760,28.733213,17.573483,28.234050]
Classifier output calculated at timestamp 1600284: {[25.467787,33.171240,29.535764,22.443218,10.582402,28.495878,17.051320,27.338375],[0.000000,1600284.000000]}
Send to udp at timestamp 1600284: [25.467787,33.171240,29.535764,22.443218,10.582402,28.495878,17.051320,27.338375]
Classifier output calculated at timestamp 1600326: {[25.670873,33.444775,28.933594,22.671991,10.906952,28.302132,16.558390,27.234160],[0.000000,1600326.000000]}
Send to udp at timestamp 1600326: [25.670873,33.444775,28.933594,22.671991,10.906952,28.302132,16.558390,27.234160]
Classifier output calculated at timestamp 1600374: {[26.036859,33.302289,28.462376,22.716715,11.128941,28.051539,15.917562,26.388564],[0.000000,1600374.000000]}
Send to udp at timestamp 1600374: [26.036859,33.302289,28.462376,22.716715,11.128941,28.051539,15.917562,26.388564]
Classifier output calculated at timestamp 1600416: {[26.547432,33.460775,28.015506,22.624405,11.305238,27.834297,15.509927,26.166775],[0.000000,1600416.000000]}
Send to udp at timestamp 1600416: [26.547432,33.460775,28.015506,22.624405,11.305238,27.834297,15.509927,26.166775]
Classifier output calculated at timestamp 1600500: {[26.709873,32.995532,27.227939,22.866977,11.552013,27.436878,14.794097,25.263568],[0.000000,1600500.000000]}
Send to udp at timestamp 1600500: [26.709873,32.995532,27.227939,22.866977,11.552013,27.436878,14.794097,25.263568]
Classifier output calculated at timestamp 1600536: {[27.193615,33.010974,27.040933,23.292709,11.653915,27.201809,14.488545,25.219820],[0.000000,1600536.000000]}
Send to udp at timestamp 1600536: [27.193615,33.010974,27.040933,23.292709,11.653915,27.201809,14.488545,25.219820]
Classifier output calculated at timestamp 1600590: {[27.437793,32.602761,26.743642,23.597480,11.742011,26.928964,14.165691,24.613032],[0.000000,1600590.000000]}
Send to udp at timestamp 1600590: [27.437793,32.602761,26.743642,23.597480,11.742011,26.928964,14.165691,24.613032]
Classifier output calculated at timestamp 1600626: {[27.208034,32.518936,26.439999,23.576113,11.806385,26.688734,14.009566,24.564875],[0.000000,1600626.000000]}
Send to udp at timestamp 1600626: [27.208034,32.518936,26.439999,23.576113,11.806385,26.688734,14.009566,24.564875]
Classifier output calculated at timestamp 1600668: {[27.688289,32.268084,26.330514,24.039875,11.841096,26.530897,13.922267,24.298756],[0.000000,1600668.000000]}
Send to udp at timestamp 1600668: [27.688289,32.268084,26.330514,24.039875,11.841096,26.530897,13.922267,24.298756]
Classifier output calculated at timestamp 1600752: {[27.396437,31.788155,26.162718,24.448030,11.983966,26.089290,13.865941,24.121712],[0.000000,1600752.000000]}
Send to udp at timestamp 1600752: [27.396437,31.788155,26.162718,24.448030,11.983966,26.089290,13.865941,24.121712]
Classifier output calculated at timestamp 1600788: {[27.631133,31.372237,26.089597,24.750933,11.987860,25.911825,13.887743,23.955013],[0.000000,1600788.000000]}
Send to udp at timestamp 1600788: [27.631133,31.372237,26.089597,24.750933,11.987860,25.911825,13.887743,23.955013]
Classifier output calculated at timestamp 1600842: {[27.746955,31.202501,26.142972,24.947652,12.084797,25.698901,13.991643,24.008304],[0.000000,1600842.000000]}
Send to udp at timestamp 1600842: [27.746955,31.202501,26.142972,24.947652,12.084797,25.698901,13.991643,24.008304]
Classifier output calculated at timestamp 1600878: {[27.195540,30.910229,26.095363,25.353284,12.120146,25.528795,14.106560,24.012892],[0.000000,1600878.000000]}
Send to udp at timestamp 1600878: [27.195540,30.910229,26.095363,25.353284,12.120146,25.528795,14.106560,24.012892]
Classifier output calculated at timestamp 1600914: {[27.293879,30.463092,26.290472,25.628375,12.119646,25.424951,14.246147,24.074509],[0.000000,1600914.000000]}
Send to udp at timestamp 1600914: [27.293879,30.463092,26.290472,25.628375,12.119646,25.424951,14.246147,24.074509]
Classifier output calculated at timestamp 1600968: {[27.002011,30.460027,26.300934,26.062183,12.173775,25.283860,14.419952,24.260804],[0.000000,1600968.000000]}
Send to udp at timestamp 1600968: [27.002011,30.460027,26.300934,26.062183,12.173775,25.283860,14.419952,24.260804]
Classifier output calculated at timestamp 1601004: {[26.443676,29.922739,26.511400,26.390145,12.198467,25.103388,14.611065,24.338427],[0.000000,1601004.000000]}
Send to udp at timestamp 1601004: [26.443676,29.922739,26.511400,26.390145,12.198467,25.103388,14.611065,24.338427]
Classifier output calculated at timestamp 1601046: {[26.379432,30.124178,26.579602,26.674813,12.246157,25.076132,14.801006,24.653536],[0.000000,1601046.000000]}
Send to udp at timestamp 1601046: [26.379432,30.124178,26.579602,26.674813,12.246157,25.076132,14.801006,24.653536]
Classifier output calculated at timestamp 1601136: {[25.421812,29.655678,26.981946,27.570107,12.241310,25.003285,15.196661,25.128958],[0.000000,1601136.000000]}
Send to udp at timestamp 1601136: [25.421812,29.655678,26.981946,27.570107,12.241310,25.003285,15.196661,25.128958]
Classifier output calculated at timestamp 1601220: {[24.857256,29.054917,27.337798,28.228874,12.150105,24.933172,15.648090,25.562659],[0.000000,1601220.000000]}
Send to udp at timestamp 1601220: [24.857256,29.054917,27.337798,28.228874,12.150105,24.933172,15.648090,25.562659]
Classifier output calculated at timestamp 1601262: {[24.431456,29.398056,27.657228,28.652484,12.175664,24.852453,15.872394,25.908538],[0.000000,1601262.000000]}
Send to udp at timestamp 1601262: [24.431456,29.398056,27.657228,28.652484,12.175664,24.852453,15.872394,25.908538]
Classifier output calculated at timestamp 1601298: {[24.158263,28.924171,27.767387,28.920803,12.189551,24.863712,16.082186,25.881445],[0.000000,1601298.000000]}
Send to udp at timestamp 1601298: [24.158263,28.924171,27.767387,28.920803,12.189551,24.863712,16.082186,25.881445]
Classifier output calculated at timestamp 1601382: {[23.618234,29.055389,28.193226,29.175491,12.076513,24.751794,16.512960,26.408894],[0.000000,1601382.000000]}
Send to udp at timestamp 1601382: [23.618234,29.055389,28.193226,29.175491,12.076513,24.751794,16.512960,26.408894]
Classifier output calculated at timestamp 1601418: {[23.298252,28.786746,28.497038,29.181930,12.073144,24.711102,16.754052,26.669866],[0.000000,1601418.000000]}
Send to udp at timestamp 1601418: [23.298252,28.786746,28.497038,29.181930,12.073144,24.711102,16.754052,26.669866]
Classifier output calculated at timestamp 1601472: {[23.047966,29.107441,28.626093,29.264853,11.944072,24.587858,17.203948,26.741131],[0.000000,1601472.000000]}
Send to udp at timestamp 1601472: [23.047966,29.107441,28.626093,29.264853,11.944072,24.587858,17.203948,26.741131]
Classifier output calculated at timestamp 1601508: {[22.865662,28.789593,29.028499,29.140144,12.001633,24.459024,17.492915,26.662950],[0.000000,1601508.000000]}
Send to udp at timestamp 1601508: [22.865662,28.789593,29.028499,29.140144,12.001633,24.459024,17.492915,26.662950]
Classifier output calculated at timestamp 1601544: {[22.515379,29.486179,29.164297,28.897116,11.928673,24.382188,17.764955,27.022096],[0.000000,1601544.000000]}
Send to udp at timestamp 1601544: [22.515379,29.486179,29.164297,28.897116,11.928673,24.382188,17.764955,27.022096]
Classifier output calculated at timestamp 1601622: {[22.283690,29.321504,29.879192,28.536066,11.757964,24.060625,18.396913,26.560648],[0.000000,1601622.000000]}
Send to udp at timestamp 1601622: [22.283690,29.321504,29.879192,28.536066,11.757964,24.060625,18.396913,26.560648]
Classifier output calculated at timestamp 1601658: {[21.960720,29.716161,30.088448,28.578613,11.691862,23.876228,18.780061,26.332987],[0.000000,1601658.000000]}
Send to udp at timestamp 1601658: [21.960720,29.716161,30.088448,28.578613,11.691862,23.876228,18.780061,26.332987]
Classifier output calculated at timestamp 1601724: {[21.574776,29.731886,30.752742,28.270918,11.567814,23.543022,19.339626,25.771384],[0.000000,1601724.000000]}
Send to udp at timestamp 1601724: [21.574776,29.731886,30.752742,28.270918,11.567814,23.543022,19.339626,25.771384]
Classifier output calculated at timestamp 1601766: {[21.395956,30.312120,31.213365,27.970248,11.400818,23.419722,19.686751,25.141919],[0.000000,1601766.000000]}
Send to udp at timestamp 1601766: [21.395956,30.312120,31.213365,27.970248,11.400818,23.419722,19.686751,25.141919]
Classifier output calculated at timestamp 1601868: {[20.806000,30.408448,32.228889,28.187727,11.148333,23.010038,20.591715,23.976621],[0.000000,1601868.000000]}
Send to udp at timestamp 1601868: [20.806000,30.408448,32.228889,28.187727,11.148333,23.010038,20.591715,23.976621]
Classifier output calculated at timestamp 1601904: {[20.462767,30.415825,32.411375,28.273454,11.085372,22.802856,21.010635,23.471497],[0.000000,1601904.000000]}
Send to udp at timestamp 1601904: [20.462767,30.415825,32.411375,28.273454,11.085372,22.802856,21.010635,23.471497]
Classifier output calculated at timestamp 1601982: {[20.174549,30.609062,32.981873,28.683678,10.999325,22.534569,21.718863,22.630461],[0.000000,1601982.000000]}
Send to udp at timestamp 1601982: [20.174549,30.609062,32.981873,28.683678,10.999325,22.534569,21.718863,22.630461]
Classifier output calculated at timestamp 1602018: {[20.011980,30.498095,33.138388,28.781689,11.000827,22.522119,22.174969,22.404054],[0.000000,1602018.000000]}
Send to udp at timestamp 1602018: [20.011980,30.498095,33.138388,28.781689,11.000827,22.522119,22.174969,22.404054]
Classifier output calculated at timestamp 1602054: {[19.724754,30.498326,33.076948,29.328560,11.096441,22.374830,22.657454,22.088771],[0.000000,1602054.000000]}
Send to udp at timestamp 1602054: [19.724754,30.498326,33.076948,29.328560,11.096441,22.374830,22.657454,22.088771]
Classifier output calculated at timestamp 1602126: {[19.765556,30.273783,32.939414,29.991720,11.295821,22.367127,23.590609,21.819240],[0.000000,1602126.000000]}
Send to udp at timestamp 1602126: [19.765556,30.273783,32.939414,29.991720,11.295821,22.367127,23.590609,21.819240]
Classifier output calculated at timestamp 1602168: {[19.615485,30.367619,32.854650,30.354969,11.309993,22.628410,24.184886,21.753057],[0.000000,1602168.000000]}
Send to udp at timestamp 1602168: [19.615485,30.367619,32.854650,30.354969,11.309993,22.628410,24.184886,21.753057]
Classifier output calculated at timestamp 1602210: {[19.667488,29.918665,32.446098,30.742929,11.496657,22.882151,24.797777,21.762120],[0.000000,1602210.000000]}
Send to udp at timestamp 1602210: [19.667488,29.918665,32.446098,30.742929,11.496657,22.882151,24.797777,21.762120]
Classifier output calculated at timestamp 1602264: {[19.803902,30.028098,32.122740,31.606878,11.762546,23.563031,25.664629,22.202011],[0.000000,1602264.000000]}
Send to udp at timestamp 1602264: [19.803902,30.028098,32.122740,31.606878,11.762546,23.563031,25.664629,22.202011]
Classifier output calculated at timestamp 1602306: {[19.821769,29.683053,31.688109,32.116957,11.967079,24.189929,26.274123,22.481504],[0.000000,1602306.000000]}
Send to udp at timestamp 1602306: [19.821769,29.683053,31.688109,32.116957,11.967079,24.189929,26.274123,22.481504]
Classifier output calculated at timestamp 1602390: {[20.251232,29.484289,30.962604,33.212023,12.272923,25.653020,27.518720,23.495396],[0.000000,1602390.000000]}
Send to udp at timestamp 1602390: [20.251232,29.484289,30.962604,33.212023,12.272923,25.653020,27.518720,23.495396]
Classifier output calculated at timestamp 1602426: {[20.379398,29.433032,30.850077,33.962858,12.419312,26.222548,28.150555,24.368217],[0.000000,1602426.000000]}
Send to udp at timestamp 1602426: [20.379398,29.433032,30.850077,33.962858,12.419312,26.222548,28.150555,24.368217]
Classifier output calculated at timestamp 1602498: {[20.807406,29.275463,30.245214,35.028500,12.585510,27.309433,29.334565,25.392776],[0.000000,1602498.000000]}
Send to udp at timestamp 1602498: [20.807406,29.275463,30.245214,35.028500,12.585510,27.309433,29.334565,25.392776]
Classifier output calculated at timestamp 1602534: {[21.101737,29.426438,30.217809,35.578873,12.632697,28.117411,29.876945,26.334660],[0.000000,1602534.000000]}
Send to udp at timestamp 1602534: [21.101737,29.426438,30.217809,35.578873,12.632697,28.117411,29.876945,26.334660]
Classifier output calculated at timestamp 1602594: {[21.287553,29.171841,29.857056,36.590571,12.572061,28.655903,30.522652,27.273749],[0.000000,1602594.000000]}
Send to udp at timestamp 1602594: [21.287553,29.171841,29.857056,36.590571,12.572061,28.655903,30.522652,27.273749]
Classifier output calculated at timestamp 1602642: {[21.736222,29.382896,29.439095,37.132594,12.444404,29.202971,30.933164,28.333881],[0.000000,1602642.000000]}
Send to udp at timestamp 1602642: [21.736222,29.382896,29.439095,37.132594,12.444404,29.202971,30.933164,28.333881]
Classifier output calculated at timestamp 1602678: {[22.003204,29.425458,29.257030,37.638598,12.207667,29.459011,31.266041,28.750728],[0.000000,1602678.000000]}
Send to udp at timestamp 1602678: [22.003204,29.425458,29.257030,37.638598,12.207667,29.459011,31.266041,28.750728]
Classifier output calculated at timestamp 1602738: {[22.155369,29.525370,28.942501,38.475522,11.849267,29.654422,31.504834,30.277327],[0.000000,1602738.000000]}
Send to udp at timestamp 1602738: [22.155369,29.525370,28.942501,38.475522,11.849267,29.654422,31.504834,30.277327]
Classifier output calculated at timestamp 1602774: {[22.739023,29.551132,28.770823,38.720796,11.517419,29.728662,31.559922,30.589966],[0.000000,1602774.000000]}
Send to udp at timestamp 1602774: [22.739023,29.551132,28.770823,38.720796,11.517419,29.728662,31.559922,30.589966]
Classifier output calculated at timestamp 1602864: {[23.023317,29.791461,28.126961,39.227672,10.722872,29.389326,31.678767,32.368253],[0.000000,1602864.000000]}
Send to udp at timestamp 1602864: [23.023317,29.791461,28.126961,39.227672,10.722872,29.389326,31.678767,32.368253]
Classifier output calculated at timestamp 1602906: {[23.699445,29.640512,27.714975,38.895380,10.392895,29.172071,31.509308,32.733941],[0.000000,1602906.000000]}
Send to udp at timestamp 1602906: [23.699445,29.640512,27.714975,38.895380,10.392895,29.172071,31.509308,32.733941]
Classifier output calculated at timestamp 1603014: {[24.302102,30.054284,26.970951,37.699445,9.429590,28.288817,30.791422,34.763116],[0.000000,1603014.000000]}
Send to udp at timestamp 1603014: [24.302102,30.054284,26.970951,37.699445,9.429590,28.288817,30.791422,34.763116]
Classifier output calculated at timestamp 1603056: {[24.723343,30.404530,26.697709,37.022033,9.143352,27.932713,30.469005,35.851806],[0.000000,1603056.000000]}
Send to udp at timestamp 1603056: [24.723343,30.404530,26.697709,37.022033,9.143352,27.932713,30.469005,35.851806]
Classifier output calculated at timestamp 1603110: {[24.601008,30.262001,26.506139,36.051492,8.912232,27.430409,29.923818,35.845989],[0.000000,1603110.000000]}
Send to udp at timestamp 1603110: [24.601008,30.262001,26.506139,36.051492,8.912232,27.430409,29.923818,35.845989]
Classifier output calculated at timestamp 1603146: {[25.089213,30.732474,26.293151,35.389462,8.567275,27.032879,29.452270,37.000736],[0.000000,1603146.000000]}
Send to udp at timestamp 1603146: [25.089213,30.732474,26.293151,35.389462,8.567275,27.032879,29.452270,37.000736]
Classifier output calculated at timestamp 1603188: {[25.194515,30.596266,26.174071,34.484881,8.529209,26.620577,28.982564,36.638330],[0.000000,1603188.000000]}
Send to udp at timestamp 1603188: [25.194515,30.596266,26.174071,34.484881,8.529209,26.620577,28.982564,36.638330]
Classifier output calculated at timestamp 1603278: {[25.345705,30.972218,25.792784,33.164693,8.290483,25.839831,27.586993,36.690663],[0.000000,1603278.000000]}
Send to udp at timestamp 1603278: [25.345705,30.972218,25.792784,33.164693,8.290483,25.839831,27.586993,36.690663]
Classifier output calculated at timestamp 1603314: {[25.203020,30.957385,25.651773,32.302878,8.372227,25.367928,26.850084,36.564609],[0.000000,1603314.000000]}
Send to udp at timestamp 1603314: [25.203020,30.957385,25.651773,32.302878,8.372227,25.367928,26.850084,36.564609]
Classifier output calculated at timestamp 1603398: {[25.199175,31.164998,25.080330,31.356991,8.376860,24.747734,25.463690,35.285772],[0.000000,1603398.000000]}
Send to udp at timestamp 1603398: [25.199175,31.164998,25.080330,31.356991,8.376860,24.747734,25.463690,35.285772]
Classifier output calculated at timestamp 1603434: {[24.998394,31.376428,24.855819,30.922430,8.508907,24.442423,24.807826,34.798627],[0.000000,1603434.000000]}
Send to udp at timestamp 1603434: [24.998394,31.376428,24.855819,30.922430,8.508907,24.442423,24.807826,34.798627]
Classifier output calculated at timestamp 1603476: {[24.973319,31.461413,24.464065,30.396578,8.657948,24.188330,24.097449,33.616976],[0.000000,1603476.000000]}
Send to udp at timestamp 1603476: [24.973319,31.461413,24.464065,30.396578,8.657948,24.188330,24.097449,33.616976]
Classifier output calculated at timestamp 1603530: {[24.928990,31.431931,23.861620,29.741012,8.735343,23.875765,23.148445,33.067133],[0.000000,1603530.000000]}
Send to udp at timestamp 1603530: [24.928990,31.431931,23.861620,29.741012,8.735343,23.875765,23.148445,33.067133]
Classifier output calculated at timestamp 1603566: {[24.758282,31.668732,23.518141,29.390182,8.868342,23.612349,22.441601,31.812260],[0.000000,1603566.000000]}
Send to udp at timestamp 1603566: [24.758282,31.668732,23.518141,29.390182,8.868342,23.612349,22.441601,31.812260]
Classifier output calculated at timestamp 1603644: {[24.720239,31.902515,22.937791,28.532259,9.075323,23.311633,21.219980,30.415047],[0.000000,1603644.000000]}
Send to udp at timestamp 1603644: [24.720239,31.902515,22.937791,28.532259,9.075323,23.311633,21.219980,30.415047]
Classifier output calculated at timestamp 1603686: {[24.567956,31.977985,22.650627,27.968134,9.224822,23.226408,20.685191,29.729703],[0.000000,1603686.000000]}
Send to udp at timestamp 1603686: [24.567956,31.977985,22.650627,27.968134,9.224822,23.226408,20.685191,29.729703]
Classifier output calculated at timestamp 1603752: {[24.423616,32.255638,22.271932,27.277790,9.482935,23.006843,19.877060,28.798538],[0.000000,1603752.000000]}
Send to udp at timestamp 1603752: [24.423616,32.255638,22.271932,27.277790,9.482935,23.006843,19.877060,28.798538]
Classifier output calculated at timestamp 1603788: {[24.465148,32.330695,22.121347,26.769105,9.730836,22.968649,19.416271,28.384946],[0.000000,1603788.000000]}
Send to udp at timestamp 1603788: [24.465148,32.330695,22.121347,26.769105,9.730836,22.968649,19.416271,28.384946]
Classifier output calculated at timestamp 1603860: {[24.015974,32.946800,21.968958,25.720012,10.192938,22.861931,18.694647,27.646105],[0.000000,1603860.000000]}
Send to udp at timestamp 1603860: [24.015974,32.946800,21.968958,25.720012,10.192938,22.861931,18.694647,27.646105]
Classifier output calculated at timestamp 1603902: {[24.113362,33.003330,21.996949,25.059607,10.430561,22.794150,18.352341,27.761162],[0.000000,1603902.000000]}
Send to udp at timestamp 1603902: [24.113362,33.003330,21.996949,25.059607,10.430561,22.794150,18.352341,27.761162]
Classifier output calculated at timestamp 1603938: {[23.933015,33.279754,21.995789,24.507520,10.658855,22.812366,18.070447,27.536007],[0.000000,1603938.000000]}
Send to udp at timestamp 1603938: [23.933015,33.279754,21.995789,24.507520,10.658855,22.812366,18.070447,27.536007]
Classifier output calculated at timestamp 1603986: {[23.494027,33.647466,22.173181,23.882351,11.012822,22.913616,17.747879,27.518872],[0.000000,1603986.000000]}
Send to udp at timestamp 1603986: [23.494027,33.647466,22.173181,23.882351,11.012822,22.913616,17.747879,27.518872]
Classifier output calculated at timestamp 1604028: {[23.644530,33.623404,22.164497,23.173915,11.209526,23.075767,17.563122,27.577164],[0.000000,1604028.000000]}
Send to udp at timestamp 1604028: [23.644530,33.623404,22.164497,23.173915,11.209526,23.075767,17.563122,27.577164]
Classifier output calculated at timestamp 1604064: {[23.329902,34.535554,22.398052,22.590262,11.429812,23.250740,17.415736,27.714293],[0.000000,1604064.000000]}
Send to udp at timestamp 1604064: [23.329902,34.535554,22.398052,22.590262,11.429812,23.250740,17.415736,27.714293]
Classifier output calculated at timestamp 1604118: {[22.889912,34.592125,22.599226,22.029545,11.599272,23.598631,17.290903,27.883478],[0.000000,1604118.000000]}
Send to udp at timestamp 1604118: [22.889912,34.592125,22.599226,22.029545,11.599272,23.598631,17.290903,27.883478]
Classifier output calculated at timestamp 1604154: {[23.052386,35.346337,22.968350,21.458813,11.733098,23.947044,17.245788,27.972289],[0.000000,1604154.000000]}
Send to udp at timestamp 1604154: [23.052386,35.346337,22.968350,21.458813,11.733098,23.947044,17.245788,27.972289]
Classifier output calculated at timestamp 1604196: {[22.619260,35.103278,23.076589,20.922273,11.848901,24.292953,17.260825,28.274997],[0.000000,1604196.000000]}
Send to udp at timestamp 1604196: [22.619260,35.103278,23.076589,20.922273,11.848901,24.292953,17.260825,28.274997]
Classifier output calculated at timestamp 1604280: {[22.489644,35.325946,23.801664,20.102326,11.932088,25.030750,17.450858,28.629768],[0.000000,1604280.000000]}
Send to udp at timestamp 1604280: [22.489644,35.325946,23.801664,20.102326,11.932088,25.030750,17.450858,28.629768]
Classifier output calculated at timestamp 1604316: {[22.168362,35.505739,24.248838,19.723389,11.954983,25.418160,17.620035,28.901672],[0.000000,1604316.000000]}
Send to udp at timestamp 1604316: [22.168362,35.505739,24.248838,19.723389,11.954983,25.418160,17.620035,28.901672]
Classifier output calculated at timestamp 1604370: {[21.883396,35.317757,24.727907,19.184541,11.960040,25.854796,17.893823,29.236252],[0.000000,1604370.000000]}
Send to udp at timestamp 1604370: [21.883396,35.317757,24.727907,19.184541,11.960040,25.854796,17.893823,29.236252]
Classifier output calculated at timestamp 1604406: {[22.005931,35.179459,25.398876,19.010521,11.977006,26.091017,18.212711,29.463853],[0.000000,1604406.000000]}
Send to udp at timestamp 1604406: [22.005931,35.179459,25.398876,19.010521,11.977006,26.091017,18.212711,29.463853]
Classifier output calculated at timestamp 1604448: {[21.716748,34.469430,25.891722,18.759924,11.948083,26.392753,18.626291,29.846432],[0.000000,1604448.000000]}
Send to udp at timestamp 1604448: [21.716748,34.469430,25.891722,18.759924,11.948083,26.392753,18.626291,29.846432]
Classifier output calculated at timestamp 1604532: {[21.649963,34.480524,27.269654,18.525728,11.971353,26.859304,19.664862,30.492235],[0.000000,1604532.000000]}
Send to udp at timestamp 1604532: [21.649963,34.480524,27.269654,18.525728,11.971353,26.859304,19.664862,30.492235]
Classifier output calculated at timestamp 1604568: {[21.506946,33.895318,27.963023,18.455542,11.975339,27.052097,20.276460,30.622956],[0.000000,1604568.000000]}
Send to udp at timestamp 1604568: [21.506946,33.895318,27.963023,18.455542,11.975339,27.052097,20.276460,30.622956]
Classifier output calculated at timestamp 1604622: {[21.389391,33.927765,29.067174,18.600201,12.024657,27.170099,21.090588,31.287578],[0.000000,1604622.000000]}
Send to udp at timestamp 1604622: [21.389391,33.927765,29.067174,18.600201,12.024657,27.170099,21.090588,31.287578]
Classifier output calculated at timestamp 1604658: {[21.440940,33.384393,30.106225,18.728790,12.091287,27.185277,21.883223,31.343048],[0.000000,1604658.000000]}
Send to udp at timestamp 1604658: [21.440940,33.384393,30.106225,18.728790,12.091287,27.185277,21.883223,31.343048]
Classifier output calculated at timestamp 1604694: {[21.398905,33.358104,30.975546,19.011631,12.107418,27.227480,22.782276,31.717471],[0.000000,1604694.000000]}
Send to udp at timestamp 1604694: [21.398905,33.358104,30.975546,19.011631,12.107418,27.227480,22.782276,31.717471]
Classifier output calculated at timestamp 1604748: {[21.356760,33.478700,32.401443,19.463338,12.233850,27.184195,23.852433,32.159956],[0.000000,1604748.000000]}
Send to udp at timestamp 1604748: [21.356760,33.478700,32.401443,19.463338,12.233850,27.184195,23.852433,32.159956]
Classifier output calculated at timestamp 1604784: {[21.383527,33.324262,33.041616,19.921895,12.362746,27.089771,24.821635,32.198278],[0.000000,1604784.000000]}
Send to udp at timestamp 1604784: [21.383527,33.324262,33.041616,19.921895,12.362746,27.089771,24.821635,32.198278]
Classifier output calculated at timestamp 1604826: {[21.500698,33.514437,34.243254,20.637880,12.439381,26.956214,25.817556,32.792123],[0.000000,1604826.000000]}
Send to udp at timestamp 1604826: [21.500698,33.514437,34.243254,20.637880,12.439381,26.956214,25.817556,32.792123]
Classifier output calculated at timestamp 1604916: {[21.555358,33.494830,35.991269,22.240426,12.789020,26.691484,28.127313,33.074848],[0.000000,1604916.000000]}
Send to udp at timestamp 1604916: [21.555358,33.494830,35.991269,22.240426,12.789020,26.691484,28.127313,33.074848]
Classifier output calculated at timestamp 1604964: {[21.775693,33.722632,36.464523,23.579378,13.006626,26.567197,29.214047,32.350590],[0.000000,1604964.000000]}
Send to udp at timestamp 1604964: [21.775693,33.722632,36.464523,23.579378,13.006626,26.567197,29.214047,32.350590]
Classifier output calculated at timestamp 1605036: {[21.773617,33.971489,36.790192,25.521893,13.324037,26.446935,30.713906,32.387678],[0.000000,1605036.000000]}
Send to udp at timestamp 1605036: [21.773617,33.971489,36.790192,25.521893,13.324037,26.446935,30.713906,32.387678]
Classifier output calculated at timestamp 1605078: {[22.127072,33.957771,36.742731,26.489255,13.528044,26.394404,31.337210,32.013582],[0.000000,1605078.000000]}
Send to udp at timestamp 1605078: [22.127072,33.957771,36.742731,26.489255,13.528044,26.394404,31.337210,32.013582]
Classifier output calculated at timestamp 1605162: {[22.023220,34.050013,35.332357,29.438166,13.900420,26.322713,31.900523,31.313708],[0.000000,1605162.000000]}
Send to udp at timestamp 1605162: [22.023220,34.050013,35.332357,29.438166,13.900420,26.322713,31.900523,31.313708]
Classifier output calculated at timestamp 1605198: {[22.450556,34.057649,34.074582,30.504541,14.156142,26.388131,31.774712,31.236764],[0.000000,1605198.000000]}
Send to udp at timestamp 1605198: [22.450556,34.057649,34.074582,30.504541,14.156142,26.388131,31.774712,31.236764]
Classifier output calculated at timestamp 1605252: {[21.967194,33.756908,32.967887,32.416336,14.367632,26.419571,31.334423,30.595144],[0.000000,1605252.000000]}
Send to udp at timestamp 1605252: [21.967194,33.756908,32.967887,32.416336,14.367632,26.419571,31.334423,30.595144]
Classifier output calculated at timestamp 1605288: {[22.261481,33.664891,31.859003,33.986920,14.550027,26.431372,30.871158,30.331877],[0.000000,1605288.000000]}
Send to udp at timestamp 1605288: [22.261481,33.664891,31.859003,33.986920,14.550027,26.431372,30.871158,30.331877]
Classifier output calculated at timestamp 1605324: {[22.565367,33.152957,31.472950,35.154022,14.764284,26.535310,30.349182,29.908891],[0.000000,1605324.000000]}
Send to udp at timestamp 1605324: [22.565367,33.152957,31.472950,35.154022,14.764284,26.535310,30.349182,29.908891]
Classifier output calculated at timestamp 1605378: {[21.864062,33.078215,30.348101,36.560445,15.006575,26.683141,29.560885,29.367773],[0.000000,1605378.000000]}
Send to udp at timestamp 1605378: [21.864062,33.078215,30.348101,36.560445,15.006575,26.683141,29.560885,29.367773]
Classifier output calculated at timestamp 1605414: {[22.229983,32.485797,29.842304,37.001734,15.149443,26.808509,29.064957,29.125630],[0.000000,1605414.000000]}
Send to udp at timestamp 1605414: [22.229983,32.485797,29.842304,37.001734,15.149443,26.808509,29.064957,29.125630]
Classifier output calculated at timestamp 1605456: {[22.255846,32.260147,29.374667,37.513225,15.266171,26.922734,28.606231,28.633639],[0.000000,1605456.000000]}
Send to udp at timestamp 1605456: [22.255846,32.260147,29.374667,37.513225,15.266171,26.922734,28.606231,28.633639]
Classifier output calculated at timestamp 1605540: {[21.694647,31.398336,28.759608,37.219472,15.554208,27.437430,27.803743,28.036896],[0.000000,1605540.000000]}
Send to udp at timestamp 1605540: [21.694647,31.398336,28.759608,37.219472,15.554208,27.437430,27.803743,28.036896]
Classifier output calculated at timestamp 1605576: {[21.742153,31.256564,28.532916,36.815270,15.658250,27.719606,27.461551,27.710002],[0.000000,1605576.000000]}
Send to udp at timestamp 1605576: [21.742153,31.256564,28.532916,36.815270,15.658250,27.719606,27.461551,27.710002]
Classifier output calculated at timestamp 1605636: {[21.001975,30.515173,28.380988,36.167107,15.766508,28.199264,27.046520,27.450249],[0.000000,1605636.000000]}
Send to udp at timestamp 1605636: [21.001975,30.515173,28.380988,36.167107,15.766508,28.199264,27.046520,27.450249]
Classifier output calculated at timestamp 1605678: {[21.086747,30.401702,28.211576,35.822459,15.730991,28.555715,26.820967,27.177404],[0.000000,1605678.000000]}
Send to udp at timestamp 1605678: [21.086747,30.401702,28.211576,35.822459,15.730991,28.555715,26.820967,27.177404]
Classifier output calculated at timestamp 1605762: {[20.538980,29.884273,28.096690,34.784331,15.720658,29.284139,26.512566,27.026706],[0.000000,1605762.000000]}
Send to udp at timestamp 1605762: [20.538980,29.884273,28.096690,34.784331,15.720658,29.284139,26.512566,27.026706]
Classifier output calculated at timestamp 1605798: {[20.461757,29.672524,28.072244,34.586632,15.688740,29.957856,26.425600,27.040900],[0.000000,1605798.000000]}
Send to udp at timestamp 1605798: [20.461757,29.672524,28.072244,34.586632,15.688740,29.957856,26.425600,27.040900]
Classifier output calculated at timestamp 1605834: {[20.512399,29.469394,28.101400,33.968271,15.540970,30.432882,26.382683,27.117867],[0.000000,1605834.000000]}
Send to udp at timestamp 1605834: [20.512399,29.469394,28.101400,33.968271,15.540970,30.432882,26.382683,27.117867]
Classifier output calculated at timestamp 1605918: {[20.159663,29.449705,28.170738,33.246056,15.470747,31.568482,26.407492,27.398487],[0.000000,1605918.000000]}
Send to udp at timestamp 1605918: [20.159663,29.449705,28.170738,33.246056,15.470747,31.568482,26.407492,27.398487]
Classifier output calculated at timestamp 1605954: {[20.374941,29.600970,28.302251,32.820385,15.391357,31.955618,26.467320,27.401548],[0.000000,1605954.000000]}
Send to udp at timestamp 1605954: [20.374941,29.600970,28.302251,32.820385,15.391357,31.955618,26.467320,27.401548]
Classifier output calculated at timestamp 1605996: {[20.356384,29.706103,28.341247,32.600537,15.326971,32.748003,26.555464,27.738241],[0.000000,1605996.000000]}
Send to udp at timestamp 1605996: [20.356384,29.706103,28.341247,32.600537,15.326971,32.748003,26.555464,27.738241]
Classifier output calculated at timestamp 1606044: {[20.343107,29.833928,28.565549,32.233383,15.239520,33.410325,26.740409,28.043039],[0.000000,1606044.000000]}
Send to udp at timestamp 1606044: [20.343107,29.833928,28.565549,32.233383,15.239520,33.410325,26.740409,28.043039]
Classifier output calculated at timestamp 1606086: {[20.734590,30.199095,28.655736,32.159720,15.189294,33.864622,26.860775,28.295581],[0.000000,1606086.000000]}
Send to udp at timestamp 1606086: [20.734590,30.199095,28.655736,32.159720,15.189294,33.864622,26.860775,28.295581]
Classifier output calculated at timestamp 1606170: {[20.960804,30.669497,28.955586,32.085068,14.874170,34.593568,27.092124,29.038976],[0.000000,1606170.000000]}
Send to udp at timestamp 1606170: [20.960804,30.669497,28.955586,32.085068,14.874170,34.593568,27.092124,29.038976]
Classifier output calculated at timestamp 1606206: {[21.451763,30.992801,29.128754,32.178562,14.776002,34.559233,27.187732,29.782153],[0.000000,1606206.000000]}
Send to udp at timestamp 1606206: [21.451763,30.992801,29.128754,32.178562,14.776002,34.559233,27.187732,29.782153]
Classifier output calculated at timestamp 1606260: {[21.726345,31.182397,29.339693,32.439966,14.441743,34.657727,27.368345,30.117799],[0.000000,1606260.000000]}
Send to udp at timestamp 1606260: [21.726345,31.182397,29.339693,32.439966,14.441743,34.657727,27.368345,30.117799]
Classifier output calculated at timestamp 1606296: {[22.005904,31.759066,29.537054,32.837683,14.276719,34.731283,27.394270,30.866656],[0.000000,1606296.000000]}
Send to udp at timestamp 1606296: [22.005904,31.759066,29.537054,32.837683,14.276719,34.731283,27.394270,30.866656]
Classifier output calculated at timestamp 1606338: {[22.540474,31.840630,29.604417,33.044189,14.061245,34.684831,27.390632,31.501600],[0.000000,1606338.000000]}
Send to udp at timestamp 1606338: [22.540474,31.840630,29.604417,33.044189,14.061245,34.684831,27.390632,31.501600]
Classifier output calculated at timestamp 1606422: {[22.942281,32.604877,29.768882,33.939017,13.389079,34.274245,27.205917,32.851852],[0.000000,1606422.000000]}
Send to udp at timestamp 1606422: [22.942281,32.604877,29.768882,33.939017,13.389079,34.274245,27.205917,32.851852]
Classifier output calculated at timestamp 1606458: {[23.355232,32.391510,29.752749,34.255690,13.101460,33.861290,27.044016,33.068031],[0.000000,1606458.000000]}
Send to udp at timestamp 1606458: [23.355232,32.391510,29.752749,34.255690,13.101460,33.861290,27.044016,33.068031]
Classifier output calculated at timestamp 1606548: {[23.620179,32.709897,29.852203,35.334962,12.380938,33.207265,26.649695,34.877102],[0.000000,1606548.000000]}
Send to udp at timestamp 1606548: [23.620179,32.709897,29.852203,35.334962,12.380938,33.207265,26.649695,34.877102]
Classifier output calculated at timestamp 1606584: {[23.795978,33.139767,29.861081,35.604220,11.998722,32.970387,26.455805,35.586995],[0.000000,1606584.000000]}
Send to udp at timestamp 1606584: [23.795978,33.139767,29.861081,35.604220,11.998722,32.970387,26.455805,35.586995]
Classifier output calculated at timestamp 1606644: {[23.814072,32.724619,29.840047,36.125594,11.474443,32.392431,26.094183,36.936585],[0.000000,1606644.000000]}
Send to udp at timestamp 1606644: [23.814072,32.724619,29.840047,36.125594,11.474443,32.392431,26.094183,36.936585]
Classifier output calculated at timestamp 1606686: {[23.606151,33.067457,29.738083,36.641564,11.057056,32.123660,25.956797,37.756754],[0.000000,1606686.000000]}
Send to udp at timestamp 1606686: [23.606151,33.067457,29.738083,36.641564,11.057056,32.123660,25.956797,37.756754]
Classifier output calculated at timestamp 1606764: {[23.592744,32.801434,29.904253,37.069647,10.448038,31.498639,25.822197,39.349368],[0.000000,1606764.000000]}
Send to udp at timestamp 1606764: [23.592744,32.801434,29.904253,37.069647,10.448038,31.498639,25.822197,39.349368]
Classifier output calculated at timestamp 1606806: {[23.187447,32.876792,30.012980,37.094198,10.041250,31.042597,25.848686,41.001672],[0.000000,1606806.000000]}
Send to udp at timestamp 1606806: [23.187447,32.876792,30.012980,37.094198,10.041250,31.042597,25.848686,41.001672]
Classifier output calculated at timestamp 1606914: {[22.719082,32.631919,30.544488,37.131612,9.338379,30.212399,26.333646,43.287275],[0.000000,1606914.000000]}
Send to udp at timestamp 1606914: [22.719082,32.631919,30.544488,37.131612,9.338379,30.212399,26.333646,43.287275]
Classifier output calculated at timestamp 1606956: {[22.404621,32.511279,30.701884,37.173671,9.136575,29.766219,26.557904,43.316387],[0.000000,1606956.000000]}
Send to udp at timestamp 1606956: [22.404621,32.511279,30.701884,37.173671,9.136575,29.766219,26.557904,43.316387]
Classifier output calculated at timestamp 1607016: {[22.373251,32.541251,31.088801,37.233453,8.885910,29.358306,26.950030,43.924224],[0.000000,1607016.000000]}
Send to udp at timestamp 1607016: [22.373251,32.541251,31.088801,37.233453,8.885910,29.358306,26.950030,43.924224]
Classifier output calculated at timestamp 1607058: {[22.071084,32.507164,31.291791,37.122109,8.721835,28.930275,27.231733,43.739790],[0.000000,1607058.000000]}
Send to udp at timestamp 1607058: [22.071084,32.507164,31.291791,37.122109,8.721835,28.930275,27.231733,43.739790]
Classifier output calculated at timestamp 1607094: {[21.950455,32.480037,31.713903,37.086656,8.638606,28.714055,27.503160,43.064270],[0.000000,1607094.000000]}
Send to udp at timestamp 1607094: [21.950455,32.480037,31.713903,37.086656,8.638606,28.714055,27.503160,43.064270]
Classifier output calculated at timestamp 1607184: {[21.857416,32.641377,32.166834,36.993857,8.464774,28.076524,27.907435,41.174657],[0.000000,1607184.000000]}
Send to udp at timestamp 1607184: [21.857416,32.641377,32.166834,36.993857,8.464774,28.076524,27.907435,41.174657]
Classifier output calculated at timestamp 1607244: {[21.744464,32.971545,32.519442,36.707107,8.428766,27.796647,27.883354,39.651469],[0.000000,1607244.000000]}
Send to udp at timestamp 1607244: [21.744464,32.971545,32.519442,36.707107,8.428766,27.796647,27.883354,39.651469]
Classifier output calculated at timestamp 1607298: {[21.969495,33.159558,32.718753,36.417349,8.451823,27.640639,27.643948,37.636494],[0.000000,1607298.000000]}
Send to udp at timestamp 1607298: [21.969495,33.159558,32.718753,36.417349,8.451823,27.640639,27.643948,37.636494]
Classifier output calculated at timestamp 1607334: {[22.010116,33.425400,32.653759,36.090566,8.464297,27.608997,27.459206,36.618514],[0.000000,1607334.000000]}
Send to udp at timestamp 1607334: [22.010116,33.425400,32.653759,36.090566,8.464297,27.608997,27.459206,36.618514]
Classifier output calculated at timestamp 1607424: {[22.424527,34.077564,32.462028,35.387705,8.482683,27.723306,27.035375,33.878945],[0.000000,1607424.000000]}
Send to udp at timestamp 1607424: [22.424527,34.077564,32.462028,35.387705,8.482683,27.723306,27.035375,33.878945]
Classifier output calculated at timestamp 1607466: {[22.417235,34.251524,32.396538,34.842562,8.558433,27.908625,26.830758,33.265533],[0.000000,1607466.000000]}
Send to udp at timestamp 1607466: [22.417235,34.251524,32.396538,34.842562,8.558433,27.908625,26.830758,33.265533]
Classifier output calculated at timestamp 1607520: {[22.340405,34.894357,31.921039,34.297865,8.557197,28.181069,26.736339,31.455257],[0.000000,1607520.000000]}
Send to udp at timestamp 1607520: [22.340405,34.894357,31.921039,34.297865,8.557197,28.181069,26.736339,31.455257]
Classifier output calculated at timestamp 1607556: {[23.117541,35.059873,31.717537,34.047379,8.641963,28.426619,26.655307,31.048808],[0.000000,1607556.000000]}
Send to udp at timestamp 1607556: [23.117541,35.059873,31.717537,34.047379,8.641963,28.426619,26.655307,31.048808]
Classifier output calculated at timestamp 1607598: {[22.954488,35.547988,31.359188,33.379906,8.738215,28.562456,26.622838,29.711388],[0.000000,1607598.000000]}
Send to udp at timestamp 1607598: [22.954488,35.547988,31.359188,33.379906,8.738215,28.562456,26.622838,29.711388]
Classifier output calculated at timestamp 1607682: {[23.708069,36.081114,30.724439,32.700575,8.903496,28.719821,26.752220,28.549043],[0.000000,1607682.000000]}
Send to udp at timestamp 1607682: [23.708069,36.081114,30.724439,32.700575,8.903496,28.719821,26.752220,28.549043]
Classifier output calculated at timestamp 1607718: {[23.571255,36.702551,30.485179,32.151171,9.073048,28.754913,26.929574,27.573878],[0.000000,1607718.000000]}
Send to udp at timestamp 1607718: [23.571255,36.702551,30.485179,32.151171,9.073048,28.754913,26.929574,27.573878]
Classifier output calculated at timestamp 1607796: {[24.013477,37.088403,29.838514,31.482200,9.300854,28.424249,27.518019,26.588526],[0.000000,1607796.000000]}
Send to udp at timestamp 1607796: [24.013477,37.088403,29.838514,31.482200,9.300854,28.424249,27.518019,26.588526]
Classifier output calculated at timestamp 1607838: {[24.034265,37.357918,29.573860,31.338129,9.586639,28.430368,27.913218,26.273643],[0.000000,1607838.000000]}
Send to udp at timestamp 1607838: [24.034265,37.357918,29.573860,31.338129,9.586639,28.430368,27.913218,26.273643]
Classifier output calculated at timestamp 1607922: {[24.389304,37.549160,29.159462,30.951035,9.954944,27.880670,28.812241,25.571080],[0.000000,1607922.000000]}
Send to udp at timestamp 1607922: [24.389304,37.549160,29.159462,30.951035,9.954944,27.880670,28.812241,25.571080]
Classifier output calculated at timestamp 1607958: {[24.845566,37.586928,28.874022,31.109463,10.336974,27.653905,29.261724,25.553690],[0.000000,1607958.000000]}
Send to udp at timestamp 1607958: [24.845566,37.586928,28.874022,31.109463,10.336974,27.653905,29.261724,25.553690]
Classifier output calculated at timestamp 1608018: {[25.090787,37.442030,28.814274,31.091489,10.830815,27.506743,29.903132,25.143255],[0.000000,1608018.000000]}
Send to udp at timestamp 1608018: [25.090787,37.442030,28.814274,31.091489,10.830815,27.506743,29.903132,25.143255]
Classifier output calculated at timestamp 1608066: {[26.184888,37.301279,28.724012,30.979372,11.352949,27.469374,30.277514,25.182847],[0.000000,1608066.000000]}
Send to udp at timestamp 1608066: [26.184888,37.301279,28.724012,30.979372,11.352949,27.469374,30.277514,25.182847]
Classifier output calculated at timestamp 1608150: {[26.992174,37.035496,28.645662,31.503264,12.374831,27.617588,30.717031,25.137907],[0.000000,1608150.000000]}
Send to udp at timestamp 1608150: [26.992174,37.035496,28.645662,31.503264,12.374831,27.617588,30.717031,25.137907]
Classifier output calculated at timestamp 1608192: {[27.511498,36.864875,28.718119,31.605674,12.930848,27.845148,30.866769,25.169839],[0.000000,1608192.000000]}
Send to udp at timestamp 1608192: [27.511498,36.864875,28.718119,31.605674,12.930848,27.845148,30.866769,25.169839]
Classifier output calculated at timestamp 1608228: {[28.116577,36.789170,28.742404,32.167412,13.339069,28.150476,30.980931,25.197908],[0.000000,1608228.000000]}
Send to udp at timestamp 1608228: [28.116577,36.789170,28.742404,32.167412,13.339069,28.150476,30.980931,25.197908]
Classifier output calculated at timestamp 1608312: {[28.727607,36.818498,28.917265,32.796760,14.643760,28.744435,31.171844,25.480194],[0.000000,1608312.000000]}
Send to udp at timestamp 1608312: [28.727607,36.818498,28.917265,32.796760,14.643760,28.744435,31.171844,25.480194]
Classifier output calculated at timestamp 1608348: {[29.358366,36.870530,29.196698,33.380111,15.005986,29.217716,31.271268,25.806747],[0.000000,1608348.000000]}
Send to udp at timestamp 1608348: [29.358366,36.870530,29.196698,33.380111,15.005986,29.217716,31.271268,25.806747]
Classifier output calculated at timestamp 1608402: {[29.556310,37.363728,29.413195,33.898791,15.712711,29.774352,31.396878,26.139160],[0.000000,1608402.000000]}
Send to udp at timestamp 1608402: [29.556310,37.363728,29.413195,33.898791,15.712711,29.774352,31.396878,26.139160]
Classifier output calculated at timestamp 1608438: {[29.915639,37.407886,29.683121,34.644281,16.179626,30.244817,31.516164,26.360039],[0.000000,1608438.000000]}
Send to udp at timestamp 1608438: [29.915639,37.407886,29.683121,34.644281,16.179626,30.244817,31.516164,26.360039]
Classifier output calculated at timestamp 1608474: {[30.379514,37.973656,29.842532,35.184846,16.477122,30.819518,31.637107,26.914160],[0.000000,1608474.000000]}
Send to udp at timestamp 1608474: [30.379514,37.973656,29.842532,35.184846,16.477122,30.819518,31.637107,26.914160]
Classifier output calculated at timestamp 1608528: {[30.178742,38.393618,30.261641,35.933872,16.926414,31.441313,31.881426,27.278952],[0.000000,1608528.000000]}
Send to udp at timestamp 1608528: [30.178742,38.393618,30.261641,35.933872,16.926414,31.441313,31.881426,27.278952]
Classifier output calculated at timestamp 1608564: {[30.633589,38.900838,30.621141,36.874280,17.156522,31.905848,32.042716,27.946163],[0.000000,1608564.000000]}
Send to udp at timestamp 1608564: [30.633589,38.900838,30.621141,36.874280,17.156522,31.905848,32.042716,27.946163]
Classifier output calculated at timestamp 1608606: {[30.583175,39.705159,30.966424,37.323635,17.319100,32.326606,32.200138,28.213959],[0.000000,1608606.000000]}
Send to udp at timestamp 1608606: [30.583175,39.705159,30.966424,37.323635,17.319100,32.326606,32.200138,28.213959]
Classifier output calculated at timestamp 1608690: {[30.309308,40.816335,31.689505,38.893191,17.518099,33.387029,32.466718,29.673514],[0.000000,1608690.000000]}
Send to udp at timestamp 1608690: [30.309308,40.816335,31.689505,38.893191,17.518099,33.387029,32.466718,29.673514]
Classifier output calculated at timestamp 1608726: {[30.046490,41.311198,32.012127,39.322975,17.461701,33.848046,32.569442,30.049808],[0.000000,1608726.000000]}
Send to udp at timestamp 1608726: [30.046490,41.311198,32.012127,39.322975,17.461701,33.848046,32.569442,30.049808]
Classifier output calculated at timestamp 1608804: {[29.354111,42.587954,32.849676,40.474690,17.269539,34.625966,32.722076,31.482721],[0.000000,1608804.000000]}
Send to udp at timestamp 1608804: [29.354111,42.587954,32.849676,40.474690,17.269539,34.625966,32.722076,31.482721]
Classifier output calculated at timestamp 1608846: {[29.030336,42.821623,33.209682,40.835832,17.143055,34.918805,32.758298,32.504288],[0.000000,1608846.000000]}
Send to udp at timestamp 1608846: [29.030336,42.821623,33.209682,40.835832,17.143055,34.918805,32.758298,32.504288]
Classifier output calculated at timestamp 1608906: {[28.191788,43.819196,34.071549,41.467507,16.786824,35.523659,32.720784,33.586117],[0.000000,1608906.000000]}
Send to udp at timestamp 1608906: [28.191788,43.819196,34.071549,41.467507,16.786824,35.523659,32.720784,33.586117]
Classifier output calculated at timestamp 1608948: {[28.178064,43.978865,34.387103,41.729488,16.569805,35.716966,32.613182,34.732968],[0.000000,1608948.000000]}
Send to udp at timestamp 1608948: [28.178064,43.978865,34.387103,41.729488,16.569805,35.716966,32.613182,34.732968]
Classifier output calculated at timestamp 1608984: {[27.632044,43.879197,34.741596,41.834874,16.182651,36.151494,32.444532,35.973720],[0.000000,1608984.000000]}
Send to udp at timestamp 1608984: [27.632044,43.879197,34.741596,41.834874,16.182651,36.151494,32.444532,35.973720]
Classifier output calculated at timestamp 1609068: {[27.357580,44.219480,35.366723,41.997328,15.812817,36.544329,31.895294,38.171407],[0.000000,1609068.000000]}
Send to udp at timestamp 1609068: [27.357580,44.219480,35.366723,41.997328,15.812817,36.544329,31.895294,38.171407]
Classifier output calculated at timestamp 1609104: {[26.925882,44.020396,35.814942,41.737325,15.500304,36.714229,31.517043,38.735208],[0.000000,1609104.000000]}
Send to udp at timestamp 1609104: [26.925882,44.020396,35.814942,41.737325,15.500304,36.714229,31.517043,38.735208]
Classifier output calculated at timestamp 1609188: {[26.840892,43.054043,36.184741,41.391946,15.007275,36.936937,30.617950,41.302622],[0.000000,1609188.000000]}
Send to udp at timestamp 1609188: [26.840892,43.054043,36.184741,41.391946,15.007275,36.936937,30.617950,41.302622]
Classifier output calculated at timestamp 1609224: {[26.503688,43.125720,36.290175,41.060674,14.914921,36.939638,30.120267,41.700735],[0.000000,1609224.000000]}
Send to udp at timestamp 1609224: [26.503688,43.125720,36.290175,41.060674,14.914921,36.939638,30.120267,41.700735]
Classifier output calculated at timestamp 1609308: {[26.409376,42.307029,36.686254,40.168759,14.374722,36.867142,29.013787,42.743928],[0.000000,1609308.000000]}
Send to udp at timestamp 1609308: [26.409376,42.307029,36.686254,40.168759,14.374722,36.867142,29.013787,42.743928]
Classifier output calculated at timestamp 1609344: {[26.097741,42.219107,36.586966,39.879192,14.358771,36.812110,28.418895,43.145154],[0.000000,1609344.000000]}
Send to udp at timestamp 1609344: [26.097741,42.219107,36.586966,39.879192,14.358771,36.812110,28.418895,43.145154]
Classifier output calculated at timestamp 1609410: {[25.974692,41.373376,36.600372,39.401237,14.112028,36.604802,27.423568,41.991389],[0.000000,1609410.000000]}
Send to udp at timestamp 1609410: [25.974692,41.373376,36.600372,39.401237,14.112028,36.604802,27.423568,41.991389]
Classifier output calculated at timestamp 1609446: {[25.509869,41.003885,36.461192,38.649866,14.022753,36.522706,26.873030,42.045706],[0.000000,1609446.000000]}
Send to udp at timestamp 1609446: [25.509869,41.003885,36.461192,38.649866,14.022753,36.522706,26.873030,42.045706]
Classifier output calculated at timestamp 1609488: {[25.459689,40.619601,36.044405,38.502415,13.867843,36.291644,26.344720,40.506062],[0.000000,1609488.000000]}
Send to udp at timestamp 1609488: [25.459689,40.619601,36.044405,38.502415,13.867843,36.291644,26.344720,40.506062]
Classifier output calculated at timestamp 1609578: {[24.322713,39.470780,35.141095,37.556255,13.739186,35.684031,25.219672,38.844051],[0.000000,1609578.000000]}
Send to udp at timestamp 1609578: [24.322713,39.470780,35.141095,37.556255,13.739186,35.684031,25.219672,38.844051]
